Flutter crash report; please file at https://github.com/flutter/flutter/issues.

## command

flutter packages get

## exception

HttpException: HttpException: , uri = https://storage.googleapis.com/flutter_infra/flutter/f6af1f20ba92a819401d66ae4b2179b0775b0e12/sky_engine.zip

```
#0      _attempt (package:flutter_tools/src/base/net.dart:55:39)
<asynchronous suspension>
#1      fetchUrl (package:flutter_tools/src/base/net.dart:22:36)
<asynchronous suspension>
#2      _downloadFile (package:flutter_tools/src/cache.dart:570:37)
<asynchronous suspension>
#3      CachedArtifact._downloadArchive.<anonymous closure> (package:flutter_tools/src/cache.dart:293:17)
<asynchronous suspension>
#4      CachedArtifact._withDownloadFile (package:flutter_tools/src/cache.dart:322:26)
<asynchronous suspension>
#5      CachedArtifact._downloadArchive (package:flutter_tools/src/cache.dart:289:12)
#6      CachedArtifact._downloadZipArchive (package:flutter_tools/src/cache.dart:309:12)
#7      FlutterEngine.updateInner (package:flutter_tools/src/cache.dart:482:13)
<asynchronous suspension>
#8      CachedArtifact.update (package:flutter_tools/src/cache.dart:252:11)
<asynchronous suspension>
#9      Cache.updateAll (package:flutter_tools/src/cache.dart:208:26)
<asynchronous suspension>
#10     FlutterCommand.verifyThenRunCommand (package:flutter_tools/src/runner/flutter_command.dart:358:19)
<asynchronous suspension>
#11     FlutterCommand.run.<anonymous closure> (package:flutter_tools/src/runner/flutter_command.dart:309:33)
<asynchronous suspension>
#12     AppContext.run.<anonymous closure> (package:flutter_tools/src/base/context.dart:142:29)
<asynchronous suspension>
#13     _rootRun (dart:async/zone.dart:1124:13)
#14     _CustomZone.run (dart:async/zone.dart:1021:19)
#15     _runZoned (dart:async/zone.dart:1516:10)
#16     runZoned (dart:async/zone.dart:1463:12)
#17     AppContext.run (package:flutter_tools/src/base/context.dart:141:18)
<asynchronous suspension>
#18     FlutterCommand.run (package:flutter_tools/src/runner/flutter_command.dart:300:20)
#19     CommandRunner.runCommand (package:args/command_runner.dart:194:27)
<asynchronous suspension>
#20     FlutterCommandRunner.runCommand.<anonymous closure> (package:flutter_tools/src/runner/flutter_command_runner.dart:347:21)
<asynchronous suspension>
#21     AppContext.run.<anonymous closure> (package:flutter_tools/src/base/context.dart:142:29)
<asynchronous suspension>
#22     _rootRun (dart:async/zone.dart:1124:13)
#23     _CustomZone.run (dart:async/zone.dart:1021:19)
#24     _runZoned (dart:async/zone.dart:1516:10)
#25     runZoned (dart:async/zone.dart:1463:12)
#26     AppContext.run (package:flutter_tools/src/base/context.dart:141:18)
<asynchronous suspension>
#27     FlutterCommandRunner.runCommand (package:flutter_tools/src/runner/flutter_command_runner.dart:303:19)
<asynchronous suspension>
#28     CommandRunner.run.<anonymous closure> (package:args/command_runner.dart:109:29)
#29     new Future.sync (dart:async/future.dart:224:31)
#30     CommandRunner.run (package:args/command_runner.dart:109:11)
#31     FlutterCommandRunner.run (package:flutter_tools/src/runner/flutter_command_runner.dart:211:18)
#32     run.<anonymous closure> (package:flutter_tools/runner.dart:59:20)
<asynchronous suspension>
#33     AppContext.run.<anonymous closure> (package:flutter_tools/src/base/context.dart:142:29)
<asynchronous suspension>
#34     _rootRun (dart:async/zone.dart:1124:13)
#35     _CustomZone.run (dart:async/zone.dart:1021:19)
#36     _runZoned (dart:async/zone.dart:1516:10)
#37     runZoned (dart:async/zone.dart:1463:12)
#38     AppContext.run (package:flutter_tools/src/base/context.dart:141:18)
<asynchronous suspension>
#39     runInContext (package:flutter_tools/src/context_runner.dart:42:24)
<asynchronous suspension>
#40     run (package:flutter_tools/runner.dart:50:10)
#41     main (package:flutter_tools/executable.dart:52:9)
<asynchronous suspension>
#42     main (file:///Users/huangjie/flutter/packages/flutter_tools/bin/flutter_tools.dart:8:3)
#43     _startIsolate.<anonymous closure> (dart:isolate/runtime/libisolate_patch.dart:287:32)
#44     _RawReceivePortImpl._handleMessage (dart:isolate/runtime/libisolate_patch.dart:171:12)
```

## flutter doctor

```
[!] Flutter (Channel dev, v0.9.6, on Mac OS X 10.14 18A391, locale zh-Hans-CN)
    • Flutter version 0.9.6 at /Users/huangjie/flutter
    • Framework revision 13684e4f8e (2 days ago), 2018-10-02 14:15:17 -0400
    • Engine revision f6af1f20ba
    • Dart version 2.1.0-dev.6.0.flutter-8a919426f0
    ✗ Downloaded executables cannot execute on host.
      See https://github.com/flutter/flutter/issues/6207 for more information
      

[!] Android toolchain - develop for Android devices (Android SDK 28.0.3)
    • Android SDK at /Users/huangjie/Library/Android/sdk
    • Android NDK location not configured (optional; useful for native profiling support)
    • Platform android-28, build-tools 28.0.3
    • Java binary at: /Applications/Android Studio.app/Contents/jre/jdk/Contents/Home/bin/java
    • Java version OpenJDK Runtime Environment (build 1.8.0_152-release-915-b08)
    ! Some Android licenses not accepted.  To resolve this, run: flutter doctor --android-licenses

[!] iOS toolchain - develop for iOS devices (Xcode 10.0)
    • Xcode at /Applications/Xcode.app/Contents/Developer
    • Xcode 10.0, Build version 10A255
    ✗ Brew not installed; use this to install tools for iOS device development.
      Download brew at https://brew.sh/.

[✓] Android Studio (version 3.0)
    • Android Studio at /Applications/Android Studio.app/Contents
    ✗ Flutter plugin not installed; this adds Flutter specific functionality.
    ✗ Dart plugin not installed; this adds Dart specific functionality.
    • Java version OpenJDK Runtime Environment (build 1.8.0_152-release-915-b08)

[✓] VS Code (version 1.27.2)
    • VS Code at /Applications/Visual Studio Code.app/Contents
    • Flutter extension version 2.19.0

[!] Connected device
    ! No devices available

! Doctor found issues in 4 categories.
```
